 size of pixels?
 how many layers?
 what data?
 minimum acceptable epicentral distance (degrees)?
 polarization? (0 for SV, 1 for SH)
 file with data?
 file with sources?
 file with stations?
 file with starting model?
          37        1656
 total number of blocks:        1656
       24840  voxels total
        1000  couples processed
        2000  couples processed
        3000  couples processed
        4000  couples processed
        5000  couples processed
        6000  couples processed
        7000  couples processed
        8000  couples processed
        9000  couples processed
       10000  couples processed
       11000  couples processed
       12000  couples processed
       13000  couples processed
       14000  couples processed
       15000  couples processed
       16000  couples processed
       17000  couples processed
       18000  couples processed
       19000  couples processed
       20000  couples processed
       21000  couples processed
       22000  couples processed
       23000  couples processed
       24000  couples processed
       25000  couples processed
       26000  couples processed
       27000  couples processed
       28000  couples processed
       29000  couples processed
       30000  couples processed
       31000  couples processed
       32000  couples processed
       33000  couples processed
       34000  couples processed
       35000  couples processed
       36000  couples processed
       37000  couples processed
       38000  couples processed
       39000  couples processed
       40000  couples processed
       41000  couples processed
       42000  couples processed
       43000  couples processed
       44000  couples processed
       45000  couples processed
       46000  couples processed
       47000  couples processed
       48000  couples processed
       49000  couples processed
       50000  couples processed
       51000  couples processed
       52000  couples processed
       53000  couples processed
       54000  couples processed
       55000  couples processed
       56000  couples processed
       57000  couples processed
       58000  couples processed
       59000  couples processed
       60000  couples processed
       61000  couples processed
       62000  couples processed
       63000  couples processed
       64000  couples processed
       65000  couples processed
       66000  couples processed
       67000  couples processed
       68000  couples processed
       69000  couples processed
       70000  couples processed
       71000  couples processed
       72000  couples processed
       73000  couples processed
       74000  couples processed
       75000  couples processed
       76000  couples processed
       77000  couples processed
       78000  couples processed
       79000  couples processed
       80000  couples processed
       81000  couples processed
       82000  couples processed
       83000  couples processed
       84000  couples processed
       85000  couples processed
       86000  couples processed
       87000  couples processed
       88000  couples processed
       89000  couples processed
       90000  couples processed
       91000  couples processed
       92000  couples processed
       93000  couples processed
       94000  couples processed
       95000  couples processed
       96000  couples processed
       97000  couples processed
       98000  couples processed
       99000  couples processed
      100000  couples processed
      101000  couples processed
      102000  couples processed
      103000  couples processed
      104000  couples processed
      105000  couples processed
      106000  couples processed
      107000  couples processed
      108000  couples processed
      109000  couples processed
      110000  couples processed
      111000  couples processed
      112000  couples processed
      113000  couples processed
      114000  couples processed
      115000  couples processed
      116000  couples processed
      117000  couples processed
      118000  couples processed
      119000  couples processed
      120000  couples processed
      121000  couples processed
      122000  couples processed
      123000  couples processed
      124000  couples processed
      125000  couples processed
      126000  couples processed
      127000  couples processed
      128000  couples processed
      129000  couples processed
      130000  couples processed
      131000  couples processed
      132000  couples processed
      133000  couples processed
      134000  couples processed
      135000  couples processed
      136000  couples processed
      137000  couples processed
      138000  couples processed
      139000  couples processed
      140000  couples processed
      141000  couples processed
      142000  couples processed
      143000  couples processed
      144000  couples processed
      145000  couples processed
      146000  couples processed
      147000  couples processed
      148000  couples processed
      149000  couples processed
      150000  couples processed
      151000  couples processed
      152000  couples processed
      153000  couples processed
      154000  couples processed
      155000  couples processed
      156000  couples processed
      157000  couples processed
      158000  couples processed
      159000  couples processed
      160000  couples processed
      161000  couples processed
      162000  couples processed
      163000  couples processed
      164000  couples processed
      165000  couples processed
      166000  couples processed
      167000  couples processed
      168000  couples processed
      169000  couples processed
