 horizontal size of voxels?
 compatibility with reference grid 1=yes 0=no
 number of layers?
 model file?
 palette file?
 remove average from each layer?
 top and bottom layers?
 mode (1=GMT layers, 2=values layer, 3=values xyz 4=center of cells 5=GMT with -
 Z)
          19         416
 total number of blocks:         416
 checking avg           15         416        6240
 a:   0.1732765       96.66666      0.0000000E+00   193.3333       1.240770    
 a:   0.2799851       290.0000       193.3333       386.6667      0.8499734    
 a:   0.1521576       483.3333       386.6667       580.0000      0.5270352    
 a:  -6.4604446E-02   676.6666       580.0000       773.3333      0.3485710    
 a:  -0.1230954       870.0000       773.3333       966.6666      0.2909500    
 a:  -0.1114439       1063.333       966.6666       1160.000      0.2567140    
 a:  -9.0377048E-02   1256.667       1160.000       1353.333      0.2478495    
 a:  -8.6606368E-02   1450.000       1353.333       1546.667      0.2360885    
 a:  -0.1004938       1643.333       1546.667       1740.000      0.2189748    
 a:  -0.1216324       1836.667       1740.000       1933.333      0.2148039    
 a:  -0.1750381       2030.000       1933.333       2126.667      0.2093201    
 a:  -0.2154668       2223.333       2126.667       2320.000      0.2043717    
 a:  -0.2441209       2416.667       2320.000       2513.333      0.2535429    
 a:  -0.2455760       2610.000       2513.333       2706.667      0.2858291    
 a:  -0.3017994       2803.333       2706.667       2900.000      0.2855559    
 I computed all the           15  averages
           1  -2.500000             255         255         255  -2.250000    
           2  -2.250000             255         215         215  -2.000000    
           3  -2.000000             255         196         196  -1.750000    
           4  -1.750000             255         158         158  -1.500000    
           5  -1.500000             255          90          90  -1.250000    
           6  -1.250000             238          80          78  -1.000000    
           7  -1.000000             255         160          69 -0.7500000    
           8 -0.7500000             247         215         104 -0.5000000    
           9 -0.5000000             240         236         121 -0.2500000    
          10 -0.2500000             205         255         162  0.0000000E+00
          11  0.0000000E+00         172         245         168  0.2500000    
          12  0.2500000             124         235         200  0.5000000    
          13  0.5000000              97         225         240  0.7500000    
          14  0.7500000              68         202         255   1.000000    
          15   1.000000              25         175         255   1.250000    
          16   1.250000              13         129         248   1.500000    
          17   1.500000               0          40         224   1.750000    
          18   1.750000               0          10         200   2.000000    
          19   2.000000              20           5         175   2.250000    
          20   2.250000              10           0         121   2.500000    
